2025-12-06 12:12:338 INFO  HomePage :32 - Clicking on login link : [[ChromeDriver: chrome on windows (1a80d96e21013f53b6a0b1a5165e36f8)] -> link text: Log in]
2025-12-06 12:12:428 INFO  LoginPage :39 - Getting text from : [[ChromeDriver: chrome on windows (1a80d96e21013f53b6a0b1a5165e36f8)] -> xpath: //h1[normalize-space()='Welcome, Please Sign In!']]
2025-12-06 12:12:965 INFO  HomePage :32 - Clicking on login link : [[ChromeDriver: chrome on windows (0e520dde1914dc53477df14bc2b9c248)] -> link text: Log in]
2025-12-06 12:12:69 INFO  LoginPage :39 - Getting text from : [[ChromeDriver: chrome on windows (0e520dde1914dc53477df14bc2b9c248)] -> xpath: //h1[normalize-space()='Welcome, Please Sign In!']]
2025-12-06 12:12:64 INFO  HomePage :32 - Clicking on login link : [[ChromeDriver: chrome on windows (e78ab06c5e08efb0ebcf0d7e063b74a5)] -> link text: Log in]
2025-12-06 12:12:196 INFO  LoginPage :39 - Getting text from : [[ChromeDriver: chrome on windows (e78ab06c5e08efb0ebcf0d7e063b74a5)] -> xpath: //h1[normalize-space()='Welcome, Please Sign In!']]
2025-12-06 12:12:34 INFO  HomePage :32 - Clicking on login link : [[ChromeDriver: chrome on windows (f5b6fa05bcbebc6076b64f5cba3371a4)] -> link text: Log in]
2025-12-06 12:12:615 INFO  HomePage :32 - Clicking on login link : [[ChromeDriver: chrome on windows (e1b3896e2582c49eb7e1ecf20f2765d0)] -> link text: Log in]
2025-12-06 12:12:703 INFO  LoginPage :39 - Getting text from : [[ChromeDriver: chrome on windows (e1b3896e2582c49eb7e1ecf20f2765d0)] -> xpath: //h1[normalize-space()='Welcome, Please Sign In!']]
2025-12-06 12:12:206 INFO  HomePage :32 - Clicking on login link : [[ChromeDriver: chrome on windows (f4e7339a457f78f3502e5e41eda42f17)] -> link text: Log in]
2025-12-06 12:12:59 INFO  HomePage :32 - Clicking on login link : [[ChromeDriver: chrome on windows (e1182acfc2d39b28b559aa22e521dfe0)] -> link text: Log in]
2025-12-06 12:12:164 INFO  HomePage :32 - Clicking on login link : [[ChromeDriver: chrome on windows (fbced01e528a80b507addf1cde036f4a)] -> link text: Log in]
2025-12-06 12:12:834 INFO  HomePage :32 - Clicking on login link : [[ChromeDriver: chrome on windows (65e32c0740ae7fc161e54b46c2b91a69)] -> link text: Log in]
2025-12-06 13:12:535 INFO  HomePage :32 - Clicking on login link : [[ChromeDriver: chrome on windows (d9b08b508b80f54fdb8411dd5835bad0)] -> link text: Log in]
2025-12-06 13:12:700 INFO  LoginPage :39 - Getting text from : [[ChromeDriver: chrome on windows (d9b08b508b80f54fdb8411dd5835bad0)] -> xpath: //h1[normalize-space()='Welcome, Please Sign In!']]
2025-12-06 13:12:553 INFO  HomePage :32 - Clicking on login link : [[ChromeDriver: chrome on windows (05ff1b7ad1194355ee0f267e22bb5484)] -> link text: Log in]
2025-12-06 13:12:665 INFO  HomePage :32 - Clicking on login link : [[ChromeDriver: chrome on windows (1c7bbad2b5187e4684ae9379496d3906)] -> link text: Log in]
2025-12-06 13:12:570 INFO  HomePage :32 - Clicking on login link : [[ChromeDriver: chrome on windows (81287d4da5ee378bf6716aa900f4a8d6)] -> link text: Log in]
2025-12-06 13:12:650 INFO  HomePage :32 - Clicking on login link : [[ChromeDriver: chrome on windows (9e736ed584ef8e951f57107674d2b89a)] -> link text: Log in]
2025-12-06 13:12:957 WARN  FileSystemFontProvider :607 - New fonts found, font cache will be re-built
2025-12-06 13:12:959 WARN  FileSystemFontProvider :360 - Building on-disk font cache, this may take a while
2025-12-06 13:12:814 WARN  FileSystemFontProvider :363 - Finished building on-disk font cache, found 723 fonts
2025-12-06 14:12:821 INFO  HomePage :32 - Clicking on login link : [[ChromeDriver: chrome on windows (e6b5c44876c1df5183d59f83c4519c65)] -> link text: Log in]
2025-12-06 14:12:949 INFO  LoginPage :39 - Getting text from : [[ChromeDriver: chrome on windows (e6b5c44876c1df5183d59f83c4519c65)] -> xpath: //h1[normalize-space()='Welcome, Please Sign In!']]
2025-12-06 14:12:416 INFO  HomePage :32 - Clicking on login link : [[ChromeDriver: chrome on windows (b8e7d40148652052507a6acaff98e945)] -> link text: Log in]
2025-12-06 14:12:119 INFO  HomePage :32 - Clicking on login link : [[ChromeDriver: chrome on windows (0b5a75ef990b7db0b6bf4ec188b09aa3)] -> link text: Log in]
2025-12-06 14:12:238 INFO  LoginPage :39 - Getting text from : [[ChromeDriver: chrome on windows (0b5a75ef990b7db0b6bf4ec188b09aa3)] -> xpath: //h1[normalize-space()='Welcome, Please Sign In!']]
2025-12-06 14:12:991 INFO  HomePage :32 - Clicking on login link : [[ChromeDriver: chrome on windows (2a85e33ba76d304a22ea8530fec404bd)] -> link text: Log in]
2025-12-06 14:12:292 INFO  HomePage :32 - Clicking on login link : [[ChromeDriver: chrome on windows (784ff4ecb7b5383b3e4151e1b1b44e21)] -> link text: Log in]
2025-12-06 14:12:459 INFO  LoginPage :39 - Getting text from : [[ChromeDriver: chrome on windows (784ff4ecb7b5383b3e4151e1b1b44e21)] -> xpath: //h1[normalize-space()='Welcome, Please Sign In!']]
2025-12-06 14:12:774 INFO  HomePage :32 - Clicking on login link : [[ChromeDriver: chrome on windows (824ace77d81e9e42feabbc511addd0df)] -> link text: Log in]
2025-12-06 14:12:894 INFO  LoginPage :39 - Getting text from : [[ChromeDriver: chrome on windows (824ace77d81e9e42feabbc511addd0df)] -> xpath: //h1[normalize-space()='Welcome, Please Sign In!']]
2025-12-06 14:12:370 INFO  HomePage :32 - Clicking on login link : [[ChromeDriver: chrome on windows (f6c3000bc5144f4e997f27fb48196572)] -> link text: Log in]
2025-12-06 14:12:40 INFO  HomePage :32 - Clicking on login link : [[ChromeDriver: chrome on windows (67383d80ba2fab50bace9599b72882dd)] -> link text: Log in]
2025-12-06 14:12:167 INFO  LoginPage :39 - Getting text from : [[ChromeDriver: chrome on windows (67383d80ba2fab50bace9599b72882dd)] -> xpath: //h1[normalize-space()='Welcome, Please Sign In!']]
2025-12-06 14:12:64 INFO  HomePage :32 - Clicking on login link : [[ChromeDriver: chrome on windows (fd78b18128fe6e0d15c6503f2099d0ae)] -> link text: Log in]
2025-12-06 14:12:602 INFO  HomePage :32 - Clicking on login link : [[ChromeDriver: chrome on windows (312d5a8e8773d414315db86e97db5fc0)] -> link text: Log in]
2025-12-06 14:12:747 INFO  LoginPage :39 - Getting text from : [[ChromeDriver: chrome on windows (312d5a8e8773d414315db86e97db5fc0)] -> xpath: //h1[normalize-space()='Welcome, Please Sign In!']]
2025-12-06 14:12:714 INFO  HomePage :32 - Clicking on login link : [[ChromeDriver: chrome on windows (b97382e99cb9eee68b5d995be5129556)] -> link text: Log in]
2025-12-06 14:12:957 INFO  HomePage :32 - Clicking on login link : [[ChromeDriver: chrome on windows (57236acd899b98ad48640ada63ded33a)] -> link text: Log in]
2025-12-06 14:12:946 INFO  HomePage :32 - Clicking on login link : [[ChromeDriver: chrome on windows (8da75fa67113ad47d8ef99d921cdb503)] -> link text: Log in]
2025-12-06 14:12:334 INFO  HomePage :32 - Clicking on login link : [[ChromeDriver: chrome on windows (40bb7aff9107c492d6c5df6c1d499ba9)] -> link text: Log in]
2025-12-06 14:12:505 INFO  LoginPage :39 - Getting text from : [[ChromeDriver: chrome on windows (40bb7aff9107c492d6c5df6c1d499ba9)] -> xpath: //h1[normalize-space()='Welcome, Please Sign In!']]
2025-12-06 14:12:749 INFO  HomePage :32 - Clicking on login link : [[ChromeDriver: chrome on windows (13e918645ad07d9cf158cc84754cfcad)] -> link text: Log in]
2025-12-06 14:12:917 INFO  HomePage :32 - Clicking on login link : [[ChromeDriver: chrome on windows (4ec29ef5cc511ec5c2d68d0b3a7096d0)] -> link text: Log in]
2025-12-06 14:12:129 INFO  HomePage :32 - Clicking on login link : [[ChromeDriver: chrome on windows (084b6bc58a5fe3b14368d972b8bb2d6b)] -> link text: Log in]
2025-12-06 14:12:621 INFO  HomePage :32 - Clicking on login link : [[ChromeDriver: chrome on windows (96e6d0318bf094453c0bdfc2f4cb8c2d)] -> link text: Log in]
2025-12-06 14:12:216 INFO  HomePage :32 - Clicking on login link : [[ChromeDriver: chrome on windows (64638d8851a786a5cae291cd5a7e9164)] -> link text: Log in]
2025-12-06 14:12:226 INFO  HomePage :32 - Clicking on login link : [[ChromeDriver: chrome on windows (fbcad911fc95b2c270c84e09e06f47fb)] -> link text: Log in]
2025-12-06 14:12:345 INFO  LoginPage :39 - Getting text from : [[ChromeDriver: chrome on windows (fbcad911fc95b2c270c84e09e06f47fb)] -> xpath: //h1[normalize-space()='Welcome, Please Sign In!']]
2025-12-06 14:12:358 INFO  HomePage :32 - Clicking on login link : [[ChromeDriver: chrome on windows (feeec07791778713bf89c85c568c81a6)] -> link text: Log in]
2025-12-06 14:12:482 INFO  LoginPage :39 - Getting text from : [[ChromeDriver: chrome on windows (feeec07791778713bf89c85c568c81a6)] -> xpath: //h1[normalize-space()='Welcome, Please Sign In!']]
2025-12-06 14:12:581 INFO  HomePage :32 - Clicking on login link : [[ChromeDriver: chrome on windows (79b57902d1e5b25875eab294691cafcb)] -> link text: Log in]
2025-12-06 14:12:700 INFO  LoginPage :39 - Getting text from : [[ChromeDriver: chrome on windows (79b57902d1e5b25875eab294691cafcb)] -> xpath: //h1[normalize-space()='Welcome, Please Sign In!']]
2025-12-06 14:12:322 INFO  HomePage :32 - Clicking on login link : [[ChromeDriver: chrome on windows (cf8d1556414db97e3a6f22d1f54e2c01)] -> link text: Log in]
2025-12-06 14:12:97 INFO  HomePage :32 - Clicking on login link : [[ChromeDriver: chrome on windows (68fe828c9acbc4aa0a7e23d8dacaf5fe)] -> link text: Log in]
2025-12-06 14:12:212 INFO  HomePage :32 - Clicking on login link : [[ChromeDriver: chrome on windows (aa363e4c85e883b80cf600f59e8274b5)] -> link text: Log in]
2025-12-06 14:12:465 INFO  HomePage :32 - Clicking on login link : [[ChromeDriver: chrome on windows (617ccdc7e38184799952c8c3d00521a6)] -> link text: Log in]
2025-12-06 14:12:268 INFO  HomePage :32 - Clicking on login link : [[ChromeDriver: chrome on windows (8539229e3a612c0eb965f8958b3b2904)] -> link text: Log in]
2025-12-06 14:12:230 INFO  HomePage :32 - Clicking on login link : [[ChromeDriver: chrome on windows (613abe03abc221b784a79369c97155db)] -> link text: Log in]
